#
# There is insufficient memory for the Java Runtime Environment to continue.
# Native memory allocation (mmap) failed to map 178257920 bytes. Error detail: G1 virtual space
# Possible reasons:
#   The system is out of physical RAM or swap space
#   This process is running with CompressedOops enabled, and the Java Heap may be blocking the growth of the native heap
# Possible solutions:
#   Reduce memory load on the system
#   Increase physical memory or swap space
#   Check if swap backing store is full
#   Decrease Java heap size (-Xmx/-Xms)
#   Decrease number of Java threads
#   Decrease Java thread stack sizes (-Xss)
#   Set larger code cache with -XX:ReservedCodeCacheSize=
#   JVM is running with Unscaled Compressed Oops mode in which the Java heap is
#     placed in the first 4GB address space. The Java Heap base address is the
#     maximum limit for the native heap growth. Please use -XX:HeapBaseMinAddress
#     to set the Java Heap base and to place the Java Heap above 4GB virtual address.
# This output file may be truncated or incomplete.
#
#  Out of Memory Error (os_windows.cpp:3710), pid=22692, tid=22576
#
# JRE version: OpenJDK Runtime Environment Microsoft-11926163 (17.0.16+8) (build 17.0.16+8-LTS)
# Java VM: OpenJDK 64-Bit Server VM Microsoft-11926163 (17.0.16+8-LTS, mixed mode, sharing, tiered, compressed oops, compressed class ptrs, g1 gc, windows-amd64)
# No core dump will be written. Minidumps are not enabled by default on client versions of Windows
#

---------------  S U M M A R Y ------------

Command Line: -Dfile.encoding=UTF-8 -Duser.country=CN -Duser.language=zh -Duser.variant net.minecraftforge.fart.Main --input D:\Src\BlinkFix-Modern\build\libs\Naven-Modern-BlinkFix.jar --output D:\Src\BlinkFix-Modern\build\reobfJar\output.jar --names D:\Src\BlinkFix-Modern\build\reobfJar\mappings.tsrg --lib D:\.gradle\caches\forge_gradle\minecraft_user_repo\net\minecraftforge\forge\1.20.1-47.4.6_mapped_official_1.20.1\forge-1.20.1-47.4.6_mapped_official_1.20.1-recomp.jar --lib D:\.gradle\caches\forge_gradle\minecraft_repo\versions\1.20.1\client-extra.jar --lib D:\.gradle\caches\modules-2\files-2.1\net.minecraftforge\fmlloader\1.20.1-47.4.6\e44767e0680a849a10a3d781fff06cdd73502764\fmlloader-1.20.1-47.4.6.jar --lib D:\.gradle\caches\modules-2\files-2.1\net.minecraftforge\JarJarSelector\0.3.19\376cc9c8ea60720cf027c01fc033de915699801c\JarJarSelector-0.3.19.jar --lib D:\.gradle\caches\modules-2\files-2.1\net.minecraftforge\JarJarMetadata\0.3.19\83feaa9b770e6ac0e96ee4fc23fa89325c5fe2\JarJarMetadata-0.3.19.jar --lib D:\.gradle\caches\modules-2\files-2.1\com.google.guava\guava\31.1-jre\60458f877d055d0c9114d9e1a2efb737b4bc282c\guava-31.1-jre.jar --lib D:\.gradle\caches\modules-2\files-2.1\com.google.code.findbugs\jsr305\3.0.2\25ea2e8b0c338a877313bd4672d3fe056ea78f0d\jsr305-3.0.2.jar --lib D:\.gradle\caches\modules-2\files-2.1\ca.weblite\java-objc-bridge\1.1\1227f9e0666314f9de41477e3ec277e542ed7f7b\java-objc-bridge-1.1.jar --lib D:\.gradle\caches\modules-2\files-2.1\net.minecraftforge\forgespi\7.0.1\3b4972a0cdb135853dba219be61a79b22cff1309\forgespi-7.0.1.jar --lib D:\.gradle\caches\modules-2\files-2.1\net.minecraftforge\mergetool\1.1.5\f3da18e12c696d35a47c82cbb2cc8b5aa15e1154\mergetool-1.1.5-api.jar --lib D:\.gradle\caches\modules-2\files-2.1\org.jetbrains\annotations\24.0.1\13c5c75c4206580aa4d683bffee658caae6c9f43\annotations-24.0.1.jar --lib D:\.gradle\caches\modules-2\files-2.1\cpw.mods\securejarhandler\2.1.10\51e6a22c6c716beb11e244bf5b8be480f51dd6b5\securejarhandler-2.1.10.jar --lib D:\.gradle\caches\modules-2\files-2.1\net.minecraftforge\coremods\5.2.4\e30bab269d896613e38396274711410b3a0e4b87\coremods-5.2.4.jar --lib D:\.gradle\caches\modules-2\files-2.1\cpw.mods\modlauncher\10.0.9\6d9443f56f50bb85cea383686ff9c867391458b\modlauncher-10.0.9.jar --lib D:\.gradle\caches\modules-2\files-2.1\org.openjdk.nashorn\nashorn-core\15.4\f67f5ffaa5f5130cf6fb9b133da00c7df3b532a5\nashorn-core-15.4.jar --lib D:\.gradle\caches\modules-2\files-2.1\org.ow2.asm\asm-commons\9.7.1\406c6a2225cfe1819f102a161e54cc16a5c24f75\asm-commons-9.7.1.jar --lib D:\.gradle\caches\modules-2\files-2.1\org.ow2.asm\asm-util\9.7.1\9e23359b598ec6b74b23e53110dd5c577adf2243\asm-util-9.7.1.jar --lib D:\.gradle\caches\modules-2\files-2.1\org.ow2.asm\asm-analysis\9.7.1\f97a3b319f0ed6a8cd944dc79060d3912a28985f\asm-analysis-9.7.1.jar --lib D:\.gradle\caches\modules-2\files-2.1\org.ow2.asm\asm-tree\9.7.1\3a53139787663b139de76b627fca0084ab60d32c\asm-tree-9.7.1.jar --lib D:\.gradle\caches\modules-2\files-2.1\org.ow2.asm\asm\9.7.1\f0ed132a49244b042cd0e15702ab9f2ce3cc8436\asm-9.7.1.jar --lib D:\.gradle\caches\modules-2\files-2.1\net.minecraftforge\accesstransformers\8.0.4\272d240aa73f42195b2a68e2ebd8b701ecf41f63\accesstransformers-8.0.4.jar --lib D:\.gradle\caches\modules-2\files-2.1\org.antlr\antlr4\4.9.1\e92af8ab33e428461927b484e90bb155a4f3a052\antlr4-4.9.1.jar --lib D:\.gradle\caches\modules-2\files-2.1\org.antlr\antlr4-runtime\4.9.1\428664f05d2b7f7b7610204b5aa7c1763f62011a\antlr4-runtime-4.9.1.jar --lib D:\.gradle\caches\modules-2\files-2.1\net.minecraftforge\fmlcore\1.20.1-47.4.6\cefc55ada370ce2f23f92834530eb967c0de1fdd\fmlcore-1.20.1-47.4.6.jar --lib D:\.gradle\caches\modules-2\files-2.1\net.minecraftforge\eventbus\6.0.5\699143dd438431d06b57416944f7cedbe52e1475\eventbus-6.0.5.jar --lib D:\.gradle\caches\modules-2\files-2.1\net.minecraftforge\unsafe\0.2.0\54d7a0a5e8fdb71b973025caa46f341ae5904f39\unsafe-0.2.0.jar --lib D:\.gradle\caches\modules-2\files-2.1\com.electronwill.night-config\toml\3.6.4\51d6cefb2b55ee55ee26b16391212fb2c7dfb4f4\toml-3.6.4.jar --lib D:\.gradle\caches\modules-2\files-2.1\com.electronwill.night-config\core\3.6.4\510f174abbf1c947494db50ef2445683bd52c230\core-3.6.4.jar --lib D:\.gradle\caches\modules-2\files-2.1\org.apache.maven\maven-artifact\3.8.5\4433f50c07debefaed0553bd0068f4f48d449313\maven-artifact-3.8.5.jar --lib D:\.gradle\caches\modules-2\files-2.1\net.jodah\typetools\0.6.3\a01aaa6ddaea9ec07ec4f209487b7a46a526283a\typetools-0.6.3.jar --lib D:\.gradle\caches\modules-2\files-2.1\net.minecrell\terminalconsoleappender\1.2.0\96d02cd3b384ff015a8fef4223bcb4ccf1717c95\terminalconsoleappender-1.2.0.jar --lib D:\.gradle\caches\modules-2\files-2.1\org.jline\jline-reader\3.12.1\4382ab1382c7b6f379377ed5f665dc2f6e1218bc\jline-reader-3.12.1.jar --lib D:\.gradle\caches\modules-2\files-2.1\org.jline\jline-terminal\3.12.1\c777448314e050d980a6b697c140f3bfe9eb7416\jline-terminal-3.12.1.jar --lib D:\.gradle\caches\modules-2\files-2.1\org.spongepowered\mixin\0.8.5\9d1c0c3a304ae6697ecd477218fa61b850bf57fc\mixin-0.8.5.jar --lib D:\.gradle\caches\modules-2\files-2.1\cpw.mods\bootstraplauncher\1.1.2\c546e00443d8432cda6baa1c860346980742628\bootstraplauncher-1.1.2.jar --lib D:\.gradle\caches\modules-2\files-2.1\net.minecraftforge\JarJarFileSystems\0.3.19\2464eb7d6b9ddb9db36a82cf8a95193e5c6fe020\JarJarFileSystems-0.3.19.jar --lib D:\.gradle\caches\modules-2\files-2.1\net.minecraftforge\fmlearlydisplay\1.20.1-47.4.6\e72a943c39a7e340a7cd740b43810740312ce6f1\fmlearlydisplay-1.20.1-47.4.6.jar --lib D:\.gradle\caches\modules-2\files-2.1\net.minecraftforge\javafmllanguage\1.20.1-47.4.6\9e86bf67e222253576e982856d9958695725adb5\javafmllanguage-1.20.1-47.4.6.jar --lib D:\.gradle\caches\modules-2\files-2.1\net.minecraftforge\lowcodelanguage\1.20.1-47.4.6\56100545804adc991cc48ab68b86ba46c5873246\lowcodelanguage-1.20.1-47.4.6.jar --lib D:\.gradle\caches\modules-2\files-2.1\net.minecraftforge\mclanguage\1.20.1-47.4.6\fd228d7d879a9da774eda022ea3092cedb5178f1\mclanguage-1.20.1-47.4.6.jar --lib D:\.gradle\caches\modules-2\files-2.1\com.github.oshi\oshi-core\6.2.2\54f5efc19bca95d709d9a37d19ffcbba3d21c1a6\oshi-core-6.2.2.jar --lib D:\.gradle\caches\modules-2\files-2.1\com.google.code.gson\gson\2.10\dd9b193aef96e973d5a11ab13cd17430c2e4306b\gson-2.10.jar --lib D:\.gradle\caches\modules-2\files-2.1\com.google.guava\failureaccess\1.0.1\1dcf1de382a0bf95a3d8b0849546c88bac1292c9\failureaccess-1.0.1.jar --lib D:\.gradle\caches\modules-2\files-2.1\com.ibm.icu\icu4j\71.1\9e7d3304c23f9ba5cb71915f7cce23231a57a445\icu4j-71.1.jar --lib D:\.gradle\caches\modules-2\files-2.1\com.mojang\authlib\4.0.43\2ff9d747a77570a07a60d32ac77eb6162ad2a2d9\authlib-4.0.43.jar --lib D:\.gradle\caches\modules-2\files-2.1\com.mojang\blocklist\1.0.10\5c685c5ffa94c4cd39496c7184c1d122e515ecef\blocklist-1.0.10.jar --lib D:\.gradle\caches\modules-2\files-2.1\com.mojang\brigadier\1.1.8\5244ce82c3337bba4a196a3ce858bfaecc74404a\brigadier-1.1.8.jar --lib D:\.gradle\caches\modules-2\files-2.1\com.mojang\datafixerupper\6.0.8\3ba4a30557a9b057760af4011f909ba619fc5125\datafixerupper-6.0.8.jar --lib D:\.gradle\caches\modules-2\files-2.1\com.mojang\logging\1.1.1\832b8e6674a9b325a5175a3a6267dfaf34c85139\logging-1.1.1.jar --lib D:\.gradle\caches\modules-2\files-2.1\com.mojang\patchy\2.2.10\da05971b07cbb379d002cf7eaec6a2048211fefc\patchy-2.2.10.jar --lib D:\.gradle\caches\modules-2\files-2.1\com.mojang\text2speech\1.17.9\3cad216e3a7f0c19b4b394388bc9ffc446f13b14\text2speech-1.17.9.jar --lib D:\.gradle\caches\modules-2\files-2.1\org.apache.httpcomponents\httpclient\4.5.13\e5f6cae5ca7ecaac1ec2827a9e2d65ae2869cada\httpclient-4.5.13.jar --lib D:\.gradle\caches\modules-2\files-2.1\commons-codec\commons-codec\1.15\49d94806b6e3dc933dacbd8acb0fdbab8ebd1e5d\commons-codec-1.15.jar --lib D:\.gradle\caches\modules-2\files-2.1\commons-io\commons-io\2.11.0\a2503f302b11ebde7ebc3df41daebe0e4eea3689\commons-io-2.11.0.jar --lib D:\.gradle\caches\modules-2\files-2.1\commons-logging\commons-logging\1.2\4bfc12adfe4842bf07b657f0369c4cb522955686\commons-logging-1.2.jar --lib D:\.gradle\caches\modules-2\files-2.1\io.netty\netty-handler\4.1.82.Final\644041d1fa96a5d3130a29e8978630d716d76e38\netty-handler-4.1.82.Final.jar --lib D:\.gradle\caches\modules-2\files-2.1\io.netty\netty-codec\4.1.82.Final\b77200379acb345a9ffdece1c605e591ac3e4e0a\netty-codec-4.1.82.Final.jar --lib D:\.gradle\caches\modules-2\files-2.1\io.netty\netty-transport-classes-epoll\4.1.82.Final\e7c7dd18deac93105797f30057c912651ea76521\netty-transport-classes-epoll-4.1.82.Final.jar --lib D:\.gradle\caches\modules-2\files-2.1\io.netty\netty-transport-native-unix-common\4.1.82.Final\3e895b35ca1b8a0eca56cacff4c2dde5d2c6abce\netty-transport-native-unix-common-4.1.82.Final.jar --lib D:\.gradle\caches\modules-2\files-2.1\io.netty\netty-transport\4.1.82.Final\e431a218d91acb6476ccad5f5aafde50aa3945ca\netty-transport-4.1.82.Final.jar --lib D:\.gradle\caches\modules-2\files-2.1\io.netty\netty-buffer\4.1.82.Final\a544270cf1ae8b8077082f5036436a9a9971ea71\netty-buffer-4.1.82.Final.jar --lib D:\.gradle\caches\modules-2\files-2.1\io.netty\netty-resolver\4.1.82.Final\38f665ae8dcd29032eea31245ba7806bed2e0fa8\netty-resolver-4.1.82.Final.jar --lib D:\.gradle\caches\modules-2\files-2.1\io.netty\netty-common\4.1.82.Final\22d148e85c3f5ebdacc0ce1f5aabb1d420f73f3\netty-common-4.1.82.Final.jar --lib D:\.gradle\caches\modules-2\files-2.1\it.unimi.dsi\fastutil\8.5.9\bb7ea75ecdb216654237830b3a96d87ad91f8cc5\fastutil-8.5.9.jar --lib D:\.gradle\caches\modules-2\files-2.1\net.java.dev.jna\jna-platform\5.12.1\97406a297c852f4a41e688a176ec675f72e8329\jna-platform-5.12.1.jar --lib D:\.gradle\caches\modules-2\files-2.1\net.java.dev.jna\jna\5.12.1\b1e93a735caea94f503e95e6fe79bf9cdc1e985d\jna-5.12.1.jar --lib D:\.gradle\caches\modules-2\files-2.1\net.sf.jopt-simple\jopt-simple\5.0.4\4fdac2fbe92dfad86aa6e9301736f6b4342a3f5c\jopt-simple-5.0.4.jar --lib D:\.gradle\caches\modules-2\files-2.1\org.apache.commons\commons-compress\1.21\4ec95b60d4e86b5c95a0e919cb172a0af98011ef\commons-compress-1.21.jar --lib D:\.gradle\caches\modules-2\files-2.1\org.apache.commons\commons-lang3\3.12.0\c6842c86792ff03b9f1d1fe2aab8dc23aa6c6f0e\commons-lang3-3.12.0.jar --lib D:\.gradle\caches\modules-2\files-2.1\org.apache.httpcomponents\httpcore\4.4.15\7f2e0c573eaa7a74bac2e89b359e1f73d92a0a1d\httpcore-4.4.15.jar --lib D:\.gradle\caches\modules-2\files-2.1\org.apache.logging.log4j\log4j-core\2.19.0\3b6eeb4de4c49c0fe38a4ee27188ff5fee44d0bb\log4j-core-2.19.0.jar --lib D:\.gradle\caches\modules-2\files-2.1\org.apache.logging.log4j\log4j-slf4j2-impl\2.19.0\5c04bfdd63ce9dceb2e284b81e96b6a70010ee10\log4j-slf4j2-impl-2.19.0.jar --lib D:\.gradle\caches\modules-2\files-2.1\org.apache.logging.log4j\log4j-api\2.19.0\ea1b37f38c327596b216542bc636cfdc0b8036fa\log4j-api-2.19.0.jar --lib D:\.gradle\caches\modules-2\files-2.1\org.joml\joml\1.10.5\22566d58af70ad3d72308bab63b8339906deb649\joml-1.10.5.jar --lib D:\.gradle\caches\modules-2\files-2.1\org.lwjgl\lwjgl-glfw\3.3.1\cbac1b8d30cb4795149c1ef540f912671a8616d0\lwjgl-glfw-3.3.1.jar --lib D:\.gradle\caches\modules-2\files-2.1\org.lwjgl\lwjgl-glfw\3.3.1\ed892f945cf7e79c8756796f32d00fa4ceaf573b\lwjgl-glfw-3.3.1-natives-windows.jar --lib D:\.gradle\caches\modules-2\files-2.1\org.lwjgl\lwjgl-glfw\3.3.1\beda65ee503443e60aa196d58ed31f8d001dc22a\lwjgl-glfw-3.3.1-natives-windows-arm64.jar --lib D:\.gradle\caches\modules-2\files-2.1\org.lwjgl\lwjgl-glfw\3.3.1\b997e3391d6ce8f05487e7335d95c606043884a1\lwjgl-glfw-3.3.1-natives-windows-x86.jar --lib D:\.gradle\caches\modules-2\files-2.1\org.lwjgl\lwjgl-jemalloc\3.3.1\a817bcf213db49f710603677457567c37d53e103\lwjgl-jemalloc-3.3.1.jar --lib D:\.gradle\caches\modules-2\files-2.1\org.lwjgl\lwjgl-jemalloc\3.3.1\948a89b76a16aa324b046ae9308891216ffce5f9\lwjgl-jemalloc-3.3.1-natives-windows.jar --lib D:\.gradle\caches\modules-2\files-2.1\org.lwjgl\lwjgl-jemalloc\3.3.1\cae85c4edb219c88b6a0c26a87955ad98dc9519d\lwjgl-jemalloc-3.3.1-natives-windows-arm64.jar --lib D:\.gradle\caches\modules-2\files-2.1\org.lwjgl\lwjgl-jemalloc\3.3.1\fb476c8ec110e1c137ad3ce8a7f7bfe6b11c6324\lwjgl-jemalloc-3.3.1-natives-windows-x86.jar --lib D:\.gradle\caches\modules-2\files-2.1\org.lwjgl\lwjgl-openal\3.3.1\2623a6b8ae1dfcd880738656a9f0243d2e6840bd\lwjgl-openal-3.3.1.jar --lib D:\.gradle\caches\modules-2\files-2.1\org.lwjgl\lwjgl-openal\3.3.1\30a474d0e57193d7bc128849a3ab66bc9316fdb1\lwjgl-openal-3.3.1-natives-windows.jar --lib D:\.gradle\caches\modules-2\files-2.1\org.lwjgl\lwjgl-openal\3.3.1\40d65f1a7368a2aa47336f9cb69f5a190cf9975a\lwjgl-openal-3.3.1-natives-windows-arm64.jar --lib D:\.gradle\caches\modules-2\files-2.1\org.lwjgl\lwjgl-openal\3.3.1\888349f7b1be6fbae58bf8edfb9ef12def04c4e3\lwjgl-openal-3.3.1-natives-windows-x86.jar --lib D:\.gradle\caches\modules-2\files-2.1\org.lwjgl\lwjgl-opengl\3.3.1\831a5533a21a5f4f81bbc51bb13e9899319b5411\lwjgl-opengl-3.3.1.jar --lib D:\.gradle\caches\modules-2\files-2.1\org.lwjgl\lwjgl-opengl\3.3.1\c1807e9bd571402787d7e37e3029776ae2513bb8\lwjgl-opengl-3.3.1-natives-windows.jar --lib D:\.gradle\caches\modules-2\files-2.1\org.lwjgl\lwjgl-opengl\3.3.1\527d78f1e9056aff3ed02ce93019c73c5e8f1721\lwjgl-opengl-3.3.1-natives-windows-arm64.jar --lib D:\.gradle\caches\modules-2\files-2.1\org.lwjgl\lwjgl-opengl\3.3.1\deef3eb9b178ff2ff3ce893cc72ae741c3a17974\lwjgl-opengl-3.3.1-natives-windows-x86.jar --lib D:\.gradle\caches\modules-2\files-2.1\org.lwjgl\lwjgl-stb\3.3.1\b119297cf8ed01f247abe8685857f8e7fcf5980f\lwjgl-stb-3.3.1.jar --lib D:\.gradle\caches\modules-2\files-2.1\org.lwjgl\lwjgl-stb\3.3.1\86315914ac119efdb02dc9e8e978ade84f1702af\lwjgl-stb-3.3.1-natives-windows.jar --lib D:\.gradle\caches\modules-2\files-2.1\org.lwjgl\lwjgl-stb\3.3.1\fde63cdd2605c00636721a6c8b961e41d1f6b247\lwjgl-stb-3.3.1-natives-windows-arm64.jar --lib D:\.gradle\caches\modules-2\files-2.1\org.lwjgl\lwjgl-stb\3.3.1\a8d41f419eecb430b7c91ea2ce2c5c451cae2091\lwjgl-stb-3.3.1-natives-windows-x86.jar --lib D:\.gradle\caches\modules-2\files-2.1\org.lwjgl\lwjgl-tinyfd\3.3.1\ff1914111ef2e3e0110ef2dabc8d8cdaad82347\lwjgl-tinyfd-3.3.1.jar --lib D:\.gradle\caches\modules-2\files-2.1\org.lwjgl\lwjgl-tinyfd\3.3.1\a5d830475ec0958d9fdba1559efa99aef211e6ff\lwjgl-tinyfd-3.3.1-natives-windows.jar --lib D:\.gradle\caches\modules-2\files-2.1\org.lwjgl\lwjgl-tinyfd\3.3.1\83a5e780df610829ff3a737822b4f931cffecd91\lwjgl-tinyfd-3.3.1-natives-windows-arm64.jar --lib D:\.gradle\caches\modules-2\files-2.1\org.lwjgl\lwjgl-tinyfd\3.3.1\842eedd876fae354abc308c98a263f6bbc9e8a4d\lwjgl-tinyfd-3.3.1-natives-windows-x86.jar --lib D:\.gradle\caches\modules-2\files-2.1\org.lwjgl\lwjgl\3.3.1\ae58664f88e18a9bb2c77b063833ca7aaec484cb\lwjgl-3.3.1.jar --lib D:\.gradle\caches\modules-2\files-2.1\org.lwjgl\lwjgl\3.3.1\36c37f16ab611b3aa11f3bcf80b1d509b4ce6b\lwjgl-3.3.1-natives-windows.jar --lib D:\.gradle\caches\modules-2\files-2.1\org.lwjgl\lwjgl\3.3.1\f46cadcf95675908fd3a550d63d9d709cb68998\lwjgl-3.3.1-natives-windows-arm64.jar --lib D:\.gradle\caches\modules-2\files-2.1\org.lwjgl\lwjgl\3.3.1\3b14f4beae9dd39791ec9e12190a9380cd8a3ce6\lwjgl-3.3.1-natives-windows-x86.jar --lib D:\.gradle\caches\modules-2\files-2.1\com.machinezoo.noexception\noexception\1.7.1\b65330c98e38a1f915fa54a6e5eca496505e3f0a\noexception-1.7.1.jar --lib D:\.gradle\caches\modules-2\files-2.1\org.slf4j\slf4j-api\2.0.1\f48d81adce2abf5ad3cfe463df517952749e03bc\slf4j-api-2.0.1.jar --lib D:\.gradle\caches\modules-2\files-2.1\org.codehaus.plexus\plexus-utils\3.3.0\cf43b5391de623b36fe066a21127baef82c64022\plexus-utils-3.3.0.jar --lib D:\.gradle\caches\modules-2\files-2.1\com.google.guava\listenablefuture\9999.0-empty-to-avoid-conflict-with-guava\b421526c5f297295adef1c886e5246c39d4ac629\listenablefuture-9999.0-empty-to-avoid-conflict-with-guava.jar --lib D:\.gradle\caches\modules-2\files-2.1\org.checkerframework\checker-qual\3.12.0\d5692f0526415fcc6de94bb5bfbd3afd9dd3b3e5\checker-qual-3.12.0.jar --lib D:\.gradle\caches\modules-2\files-2.1\com.google.errorprone\error_prone_annotations\2.11.0\c5a0ace696d3f8b1c1d8cc036d8c03cc0cbe6b69\error_prone_annotations-2.11.0.jar --lib D:\.gradle\caches\modules-2\files-2.1\com.google.j2objc\j2objc-annotations\1.3\ba035118bc8bac37d7eff77700720999acd9986d\j2objc-annotations-1.3.jar --lib D:\.gradle\caches\modules-2\files-2.1\org.antlr\ST4\4.3\92f2c1ad8d84abcbeead6cf7f2c53a04166293c2\ST4-4.3.jar --lib D:\.gradle\caches\modules-2\files-2.1\org.antlr\antlr-runtime\3.5.2\cd9cd41361c155f3af0f653009dcecb08d8b4afd\antlr-runtime-3.5.2.jar --lib D:\.gradle\caches\modules-2\files-2.1\org.abego.treelayout\org.abego.treelayout.core\1.0.3\457216e8e6578099ae63667bb1e4439235892028\org.abego.treelayout.core-1.0.3.jar --lib D:\.gradle\caches\modules-2\files-2.1\org.glassfish\javax.json\1.0.4\3178f73569fd7a1e5ffc464e680f7a8cc784b85a\javax.json-1.0.4.jar --disable-abstract-param

Host: AMD Ryzen 5 4500U with Radeon Graphics         , 6 cores, 7G,  Windows 11 , 64 bit Build 26100 (10.0.26100.4768)
Time: Tue Aug 26 15:51:35 2025  Windows 11 , 64 bit Build 26100 (10.0.26100.4768) elapsed time: 0.894433 seconds (0d 0h 0m 0s)

---------------  T H R E A D  ---------------

Current thread (0x00000262ad109220):  VMThread "VM Thread" [stack: 0x000000ee84400000,0x000000ee84500000] [id=22576]

Stack: [0x000000ee84400000,0x000000ee84500000]
Native frames: (J=compiled Java code, j=interpreted, Vv=VM code, C=native code)
V  [jvm.dll+0x68ee19]
V  [jvm.dll+0x846249]
V  [jvm.dll+0x847fb8]
V  [jvm.dll+0x848643]
V  [jvm.dll+0x24cf6f]
V  [jvm.dll+0x68bde9]
V  [jvm.dll+0x6803aa]
V  [jvm.dll+0x30ffc0]
V  [jvm.dll+0x30fe62]
V  [jvm.dll+0x3173b9]
V  [jvm.dll+0x3695e9]
V  [jvm.dll+0x36981d]
V  [jvm.dll+0x2e683a]
V  [jvm.dll+0x2e4c31]
V  [jvm.dll+0x2e43cc]
V  [jvm.dll+0x328ceb]
V  [jvm.dll+0x84cecd]
V  [jvm.dll+0x84dbe3]
V  [jvm.dll+0x84e114]
V  [jvm.dll+0x84e4f8]
V  [jvm.dll+0x84e5ee]
V  [jvm.dll+0x7f5e9c]
V  [jvm.dll+0x68dd27]
C  [ucrtbase.dll+0x37b0]
C  [KERNEL32.DLL+0x2e8d7]
C  [ntdll.dll+0x3c34c]

VM_Operation (0x000000ee83efed10): G1CollectForAllocation, mode: safepoint, requested by thread 0x000002628da8ca30


---------------  P R O C E S S  ---------------

Threads class SMR info:
_java_thread_list=0x00000262ad7b91a0, length=13, elements={
0x000002628da8ca30, 0x00000262ad10e210, 0x00000262ad10eae0, 0x00000262ad1375f0,
0x00000262ad126fe0, 0x00000262ad1278b0, 0x00000262ad128180, 0x00000262ad128d80,
0x00000262ad12a6a0, 0x00000262ad1324c0, 0x00000262ad6bff70, 0x00000262ad6c48c0,
0x00000262ad7a1490
}

Java Threads: ( => current thread )
  0x000002628da8ca30 JavaThread "main" [_thread_blocked, id=19844, stack(0x000000ee83e00000,0x000000ee83f00000)]
  0x00000262ad10e210 JavaThread "Reference Handler" daemon [_thread_blocked, id=19800, stack(0x000000ee84500000,0x000000ee84600000)]
  0x00000262ad10eae0 JavaThread "Finalizer" daemon [_thread_blocked, id=5908, stack(0x000000ee84600000,0x000000ee84700000)]
  0x00000262ad1375f0 JavaThread "Signal Dispatcher" daemon [_thread_blocked, id=17432, stack(0x000000ee84700000,0x000000ee84800000)]
  0x00000262ad126fe0 JavaThread "Attach Listener" daemon [_thread_blocked, id=14952, stack(0x000000ee84800000,0x000000ee84900000)]
  0x00000262ad1278b0 JavaThread "Service Thread" daemon [_thread_blocked, id=11052, stack(0x000000ee84900000,0x000000ee84a00000)]
  0x00000262ad128180 JavaThread "Monitor Deflation Thread" daemon [_thread_blocked, id=18368, stack(0x000000ee84a00000,0x000000ee84b00000)]
  0x00000262ad128d80 JavaThread "C2 CompilerThread0" daemon [_thread_blocked, id=22880, stack(0x000000ee84b00000,0x000000ee84c00000)]
  0x00000262ad12a6a0 JavaThread "C1 CompilerThread0" daemon [_thread_blocked, id=1948, stack(0x000000ee84c00000,0x000000ee84d00000)]
  0x00000262ad1324c0 JavaThread "Sweeper thread" daemon [_thread_blocked, id=22560, stack(0x000000ee84d00000,0x000000ee84e00000)]
  0x00000262ad6bff70 JavaThread "Notification Thread" daemon [_thread_blocked, id=10124, stack(0x000000ee84e00000,0x000000ee84f00000)]
  0x00000262ad6c48c0 JavaThread "Common-Cleaner" daemon [_thread_blocked, id=21004, stack(0x000000ee85000000,0x000000ee85100000)]
  0x00000262ad7a1490 JavaThread "C2 CompilerThread1" daemon [_thread_blocked, id=23124, stack(0x000000ee85400000,0x000000ee85500000)]

Other Threads:
=>0x00000262ad109220 VMThread "VM Thread" [stack: 0x000000ee84400000,0x000000ee84500000] [id=22576]
  0x00000262ad6c0450 WatcherThread [stack: 0x000000ee84f00000,0x000000ee85000000] [id=19504]
  0x000002628dae3550 GCTaskThread "GC Thread#0" [stack: 0x000000ee83f00000,0x000000ee84000000] [id=23268]
  0x00000262ad7a6680 GCTaskThread "GC Thread#1" [stack: 0x000000ee85100000,0x000000ee85200000] [id=18488]
  0x00000262ad853be0 GCTaskThread "GC Thread#2" [stack: 0x000000ee85200000,0x000000ee85300000] [id=10728]
  0x000002628daf40b0 ConcurrentGCThread "G1 Main Marker" [stack: 0x000000ee84000000,0x000000ee84100000] [id=23332]
  0x000002628daf56a0 ConcurrentGCThread "G1 Conc#0" [stack: 0x000000ee84100000,0x000000ee84200000] [id=9720]
  0x000002628db1dab0 ConcurrentGCThread "G1 Refine#0" [stack: 0x000000ee84200000,0x000000ee84300000] [id=2716]
  0x00000262ad829970 ConcurrentGCThread "G1 Refine#1" [stack: 0x000000ee85300000,0x000000ee85400000] [id=17672]
  0x000002628db1e190 ConcurrentGCThread "G1 Service" [stack: 0x000000ee84300000,0x000000ee84400000] [id=4464]

Threads with active compile tasks:
C2 CompilerThread1      926  454 %     4       net.minecraftforge.fart.relocated.net.minecraftforge.srgutils.InternalUtils::loadTSrg2 @ 100 (661 bytes)

VM state: at safepoint (normal execution)

VM Mutex/Monitor currently owned by a thread:  ([mutex/lock_event])
[0x000002628da87620] Threads_lock - owner thread: 0x00000262ad109220
[0x000002628da86ed0] Heap_lock - owner thread: 0x000002628da8ca30

Heap address: 0x0000000089800000, size: 1896 MB, Compressed Oops mode: 32-bit

CDS archive(s) mapped at: [0x00000262ae000000-0x00000262aebb0000-0x00000262aebb0000), size 12255232, SharedBaseAddress: 0x00000262ae000000, ArchiveRelocationMode: 1.
Compressed class space mapped at: 0x00000262af000000-0x00000262ef000000, reserved size: 1073741824
Narrow klass base: 0x00000262ae000000, Narrow klass shift: 0, Narrow klass range: 0x100000000

GC Precious Log:
 CPUs: 6 total, 6 available
 Memory: 7581M
 Large Page Support: Disabled
 NUMA Support: Disabled
 Compressed Oops: Enabled (32-bit)
 Heap Region Size: 1M
 Heap Min Capacity: 8M
 Heap Initial Capacity: 120M
 Heap Max Capacity: 1896M
 Pre-touch: Disabled
 Parallel Workers: 6
 Concurrent Workers: 2
 Concurrent Refinement Workers: 6
 Periodic GC: Disabled

Heap:
 garbage-first heap   total 122880K, used 68096K [0x0000000089800000, 0x0000000100000000)
  region size 1024K, 3 young (3072K), 3 survivors (3072K)
 Metaspace       used 937K, committed 1024K, reserved 1114112K
  class space    used 79K, committed 128K, reserved 1048576K

Heap Regions: E=young(eden), S=young(survivor), O=old, HS=humongous(starts), HC=humongous(continues), CS=collection set, F=free, OA=open archive, CA=closed archive, TAMS=top-at-mark-start (previous, next)
|   0|0x0000000089800000, 0x0000000089900000, 0x0000000089900000|100%|HS|  |TAMS 0x0000000089800000, 0x0000000089800000| Complete 
|   1|0x0000000089900000, 0x0000000089a00000, 0x0000000089a00000|100%|HS|  |TAMS 0x0000000089900000, 0x0000000089900000| Complete 
|   2|0x0000000089a00000, 0x0000000089b00000, 0x0000000089b00000|100%| O|  |TAMS 0x0000000089a00000, 0x0000000089a00000| Untracked 
|   3|0x0000000089b00000, 0x0000000089c00000, 0x0000000089c00000|100%| O|  |TAMS 0x0000000089b00000, 0x0000000089b00000| Untracked 
|   4|0x0000000089c00000, 0x0000000089d00000, 0x0000000089d00000|100%| O|  |TAMS 0x0000000089c00000, 0x0000000089c00000| Untracked 
|   5|0x0000000089d00000, 0x0000000089e00000, 0x0000000089e00000|100%| O|  |TAMS 0x0000000089d00000, 0x0000000089d00000| Untracked 
|   6|0x0000000089e00000, 0x0000000089f00000, 0x0000000089f00000|100%| O|  |TAMS 0x0000000089e00000, 0x0000000089e00000| Untracked 
|   7|0x0000000089f00000, 0x000000008a000000, 0x000000008a000000|100%| O|  |TAMS 0x0000000089f00000, 0x0000000089f00000| Untracked 
|   8|0x000000008a000000, 0x000000008a100000, 0x000000008a100000|100%| O|  |TAMS 0x000000008a000000, 0x000000008a000000| Untracked 
|   9|0x000000008a100000, 0x000000008a200000, 0x000000008a200000|100%| O|  |TAMS 0x000000008a100000, 0x000000008a100000| Untracked 
|  10|0x000000008a200000, 0x000000008a300000, 0x000000008a300000|100%| O|  |TAMS 0x000000008a200000, 0x000000008a200000| Untracked 
|  11|0x000000008a300000, 0x000000008a400000, 0x000000008a400000|100%| O|  |TAMS 0x000000008a300000, 0x000000008a300000| Untracked 
|  12|0x000000008a400000, 0x000000008a500000, 0x000000008a500000|100%| O|  |TAMS 0x000000008a400000, 0x000000008a400000| Untracked 
|  13|0x000000008a500000, 0x000000008a600000, 0x000000008a600000|100%| O|  |TAMS 0x000000008a500000, 0x000000008a500000| Untracked 
|  14|0x000000008a600000, 0x000000008a700000, 0x000000008a700000|100%| O|  |TAMS 0x000000008a600000, 0x000000008a600000| Untracked 
|  15|0x000000008a700000, 0x000000008a800000, 0x000000008a800000|100%| O|  |TAMS 0x000000008a700000, 0x000000008a700000| Untracked 
|  16|0x000000008a800000, 0x000000008a900000, 0x000000008a900000|100%| O|  |TAMS 0x000000008a800000, 0x000000008a800000| Untracked 
|  17|0x000000008a900000, 0x000000008aa00000, 0x000000008aa00000|100%|HS|  |TAMS 0x000000008a900000, 0x000000008a900000| Complete 
|  18|0x000000008aa00000, 0x000000008ab00000, 0x000000008ab00000|100%|HS|  |TAMS 0x000000008aa00000, 0x000000008aa00000| Complete 
|  19|0x000000008ab00000, 0x000000008ac00000, 0x000000008ac00000|100%| O|  |TAMS 0x000000008ab00000, 0x000000008ab00000| Untracked 
|  20|0x000000008ac00000, 0x000000008ad00000, 0x000000008ad00000|100%| O|  |TAMS 0x000000008ac00000, 0x000000008ac00000| Untracked 
|  21|0x000000008ad00000, 0x000000008ae00000, 0x000000008ae00000|100%| O|  |TAMS 0x000000008ad00000, 0x000000008ad00000| Untracked 
|  22|0x000000008ae00000, 0x000000008af00000, 0x000000008af00000|100%| O|  |TAMS 0x000000008ae00000, 0x000000008ae00000| Untracked 
|  23|0x000000008af00000, 0x000000008b000000, 0x000000008b000000|100%| O|  |TAMS 0x000000008af00000, 0x000000008af00000| Untracked 
|  24|0x000000008b000000, 0x000000008b100000, 0x000000008b100000|100%| O|  |TAMS 0x000000008b000000, 0x000000008b000000| Untracked 
|  25|0x000000008b100000, 0x000000008b200000, 0x000000008b200000|100%| O|  |TAMS 0x000000008b100000, 0x000000008b100000| Untracked 
|  26|0x000000008b200000, 0x000000008b300000, 0x000000008b300000|100%| O|  |TAMS 0x000000008b200000, 0x000000008b200000| Untracked 
|  27|0x000000008b300000, 0x000000008b400000, 0x000000008b400000|100%| O|  |TAMS 0x000000008b300000, 0x000000008b300000| Untracked 
|  28|0x000000008b400000, 0x000000008b500000, 0x000000008b500000|100%| O|  |TAMS 0x000000008b400000, 0x000000008b400000| Untracked 
|  29|0x000000008b500000, 0x000000008b600000, 0x000000008b600000|100%| O|  |TAMS 0x000000008b500000, 0x000000008b500000| Untracked 
|  30|0x000000008b600000, 0x000000008b700000, 0x000000008b700000|100%| O|  |TAMS 0x000000008b600000, 0x000000008b600000| Untracked 
|  31|0x000000008b700000, 0x000000008b800000, 0x000000008b800000|100%| O|  |TAMS 0x000000008b700000, 0x000000008b700000| Untracked 
|  32|0x000000008b800000, 0x000000008b900000, 0x000000008b900000|100%| O|  |TAMS 0x000000008b800000, 0x000000008b800000| Untracked 
|  33|0x000000008b900000, 0x000000008ba00000, 0x000000008ba00000|100%| O|  |TAMS 0x000000008b900000, 0x000000008b900000| Untracked 
|  34|0x000000008ba00000, 0x000000008bb00000, 0x000000008bb00000|100%| O|  |TAMS 0x000000008ba00000, 0x000000008ba00000| Untracked 
|  35|0x000000008bb00000, 0x000000008bc00000, 0x000000008bc00000|100%| O|  |TAMS 0x000000008bb00000, 0x000000008bb00000| Untracked 
|  36|0x000000008bc00000, 0x000000008bd00000, 0x000000008bd00000|100%| O|  |TAMS 0x000000008bc00000, 0x000000008bc00000| Untracked 
|  37|0x000000008bd00000, 0x000000008be00000, 0x000000008be00000|100%| O|  |TAMS 0x000000008bd00000, 0x000000008bd00000| Untracked 
|  38|0x000000008be00000, 0x000000008bf00000, 0x000000008bf00000|100%| O|  |TAMS 0x000000008be00000, 0x000000008be00000| Untracked 
|  39|0x000000008bf00000, 0x000000008c000000, 0x000000008c000000|100%| O|  |TAMS 0x000000008bf00000, 0x000000008bf00000| Untracked 
|  40|0x000000008c000000, 0x000000008c100000, 0x000000008c100000|100%| O|  |TAMS 0x000000008c000000, 0x000000008c000000| Untracked 
|  41|0x000000008c100000, 0x000000008c200000, 0x000000008c200000|100%| O|  |TAMS 0x000000008c100000, 0x000000008c100000| Untracked 
|  42|0x000000008c200000, 0x000000008c300000, 0x000000008c300000|100%| O|  |TAMS 0x000000008c200000, 0x000000008c200000| Untracked 
|  43|0x000000008c300000, 0x000000008c400000, 0x000000008c400000|100%| O|  |TAMS 0x000000008c300000, 0x000000008c300000| Untracked 
|  44|0x000000008c400000, 0x000000008c500000, 0x000000008c500000|100%| O|  |TAMS 0x000000008c400000, 0x000000008c400000| Untracked 
|  45|0x000000008c500000, 0x000000008c600000, 0x000000008c600000|100%| O|  |TAMS 0x000000008c500000, 0x000000008c500000| Untracked 
|  46|0x000000008c600000, 0x000000008c700000, 0x000000008c700000|100%| O|  |TAMS 0x000000008c600000, 0x000000008c600000| Untracked 
|  47|0x000000008c700000, 0x000000008c800000, 0x000000008c800000|100%| O|  |TAMS 0x000000008c700000, 0x000000008c700000| Untracked 
|  48|0x000000008c800000, 0x000000008c900000, 0x000000008c900000|100%| O|  |TAMS 0x000000008c800000, 0x000000008c800000| Untracked 
|  49|0x000000008c900000, 0x000000008ca00000, 0x000000008ca00000|100%| O|  |TAMS 0x000000008c900000, 0x000000008c900000| Untracked 
|  50|0x000000008ca00000, 0x000000008cb00000, 0x000000008cb00000|100%| O|  |TAMS 0x000000008ca00000, 0x000000008ca00000| Untracked 
|  51|0x000000008cb00000, 0x000000008cc00000, 0x000000008cc00000|100%| O|  |TAMS 0x000000008cb00000, 0x000000008cb00000| Untracked 
|  52|0x000000008cc00000, 0x000000008cd00000, 0x000000008cd00000|100%| O|  |TAMS 0x000000008cc00000, 0x000000008cc00000| Untracked 
|  53|0x000000008cd00000, 0x000000008ce00000, 0x000000008ce00000|100%| O|  |TAMS 0x000000008cd00000, 0x000000008cd00000| Untracked 
|  54|0x000000008ce00000, 0x000000008cf00000, 0x000000008cf00000|100%| O|  |TAMS 0x000000008ce00000, 0x000000008ce00000| Untracked 
|  55|0x000000008cf00000, 0x000000008d000000, 0x000000008d000000|100%| O|  |TAMS 0x000000008cf00000, 0x000000008cf00000| Untracked 
|  56|0x000000008d000000, 0x000000008d100000, 0x000000008d100000|100%| O|  |TAMS 0x000000008d000000, 0x000000008d000000| Untracked 
|  57|0x000000008d100000, 0x000000008d200000, 0x000000008d200000|100%| O|  |TAMS 0x000000008d100000, 0x000000008d100000| Untracked 
|  58|0x000000008d200000, 0x000000008d300000, 0x000000008d300000|100%| O|  |TAMS 0x000000008d200000, 0x000000008d200000| Untracked 
|  59|0x000000008d300000, 0x000000008d400000, 0x000000008d400000|100%| O|  |TAMS 0x000000008d300000, 0x000000008d300000| Untracked 
|  60|0x000000008d400000, 0x000000008d500000, 0x000000008d500000|100%| O|  |TAMS 0x000000008d400000, 0x000000008d400000| Untracked 
|  61|0x000000008d500000, 0x000000008d600000, 0x000000008d600000|100%| O|  |TAMS 0x000000008d500000, 0x000000008d500000| Untracked 
|  62|0x000000008d600000, 0x000000008d700000, 0x000000008d700000|100%| O|  |TAMS 0x000000008d600000, 0x000000008d600000| Untracked 
|  63|0x000000008d700000, 0x000000008d780000, 0x000000008d800000| 50%| O|  |TAMS 0x000000008d700000, 0x000000008d700000| Untracked 
|  64|0x000000008d800000, 0x000000008d800000, 0x000000008d900000|  0%| F|  |TAMS 0x000000008d800000, 0x000000008d800000| Untracked 
|  65|0x000000008d900000, 0x000000008d900000, 0x000000008da00000|  0%| F|  |TAMS 0x000000008d900000, 0x000000008d900000| Untracked 
|  66|0x000000008da00000, 0x000000008da00000, 0x000000008db00000|  0%| F|  |TAMS 0x000000008da00000, 0x000000008da00000| Untracked 
|  67|0x000000008db00000, 0x000000008db00000, 0x000000008dc00000|  0%| F|  |TAMS 0x000000008db00000, 0x000000008db00000| Untracked 
|  68|0x000000008dc00000, 0x000000008dc00000, 0x000000008dd00000|  0%| F|  |TAMS 0x000000008dc00000, 0x000000008dc00000| Untracked 
|  69|0x000000008dd00000, 0x000000008dd00000, 0x000000008de00000|  0%| F|  |TAMS 0x000000008dd00000, 0x000000008dd00000| Untracked 
|  70|0x000000008de00000, 0x000000008de00000, 0x000000008df00000|  0%| F|  |TAMS 0x000000008de00000, 0x000000008de00000| Untracked 
|  71|0x000000008df00000, 0x000000008df00000, 0x000000008e000000|  0%| F|  |TAMS 0x000000008df00000, 0x000000008df00000| Untracked 
|  72|0x000000008e000000, 0x000000008e000000, 0x000000008e100000|  0%| F|  |TAMS 0x000000008e000000, 0x000000008e000000| Untracked 
|  73|0x000000008e100000, 0x000000008e100000, 0x000000008e200000|  0%| F|  |TAMS 0x000000008e100000, 0x000000008e100000| Untracked 
|  74|0x000000008e200000, 0x000000008e200000, 0x000000008e300000|  0%| F|  |TAMS 0x000000008e200000, 0x000000008e200000| Untracked 
|  75|0x000000008e300000, 0x000000008e300000, 0x000000008e400000|  0%| F|  |TAMS 0x000000008e300000, 0x000000008e300000| Untracked 
|  76|0x000000008e400000, 0x000000008e400000, 0x000000008e500000|  0%| F|  |TAMS 0x000000008e400000, 0x000000008e400000| Untracked 
|  77|0x000000008e500000, 0x000000008e500000, 0x000000008e600000|  0%| F|  |TAMS 0x000000008e500000, 0x000000008e500000| Untracked 
|  78|0x000000008e600000, 0x000000008e600000, 0x000000008e700000|  0%| F|  |TAMS 0x000000008e600000, 0x000000008e600000| Untracked 
|  79|0x000000008e700000, 0x000000008e700000, 0x000000008e800000|  0%| F|  |TAMS 0x000000008e700000, 0x000000008e700000| Untracked 
|  80|0x000000008e800000, 0x000000008e800000, 0x000000008e900000|  0%| F|  |TAMS 0x000000008e800000, 0x000000008e800000| Untracked 
|  81|0x000000008e900000, 0x000000008e900000, 0x000000008ea00000|  0%| F|  |TAMS 0x000000008e900000, 0x000000008e900000| Untracked 
|  82|0x000000008ea00000, 0x000000008ea00000, 0x000000008eb00000|  0%| F|  |TAMS 0x000000008ea00000, 0x000000008ea00000| Untracked 
|  83|0x000000008eb00000, 0x000000008eb00000, 0x000000008ec00000|  0%| F|  |TAMS 0x000000008eb00000, 0x000000008eb00000| Untracked 
|  84|0x000000008ec00000, 0x000000008ec00000, 0x000000008ed00000|  0%| F|  |TAMS 0x000000008ec00000, 0x000000008ec00000| Untracked 
|  85|0x000000008ed00000, 0x000000008ed00000, 0x000000008ee00000|  0%| F|  |TAMS 0x000000008ed00000, 0x000000008ed00000| Untracked 
|  86|0x000000008ee00000, 0x000000008ee00000, 0x000000008ef00000|  0%| F|  |TAMS 0x000000008ee00000, 0x000000008ee00000| Untracked 
|  87|0x000000008ef00000, 0x000000008ef00000, 0x000000008f000000|  0%| F|  |TAMS 0x000000008ef00000, 0x000000008ef00000| Untracked 
|  88|0x000000008f000000, 0x000000008f000000, 0x000000008f100000|  0%| F|  |TAMS 0x000000008f000000, 0x000000008f000000| Untracked 
|  89|0x000000008f100000, 0x000000008f100000, 0x000000008f200000|  0%| F|  |TAMS 0x000000008f100000, 0x000000008f100000| Untracked 
|  90|0x000000008f200000, 0x000000008f200000, 0x000000008f300000|  0%| F|  |TAMS 0x000000008f200000, 0x000000008f200000| Untracked 
|  91|0x000000008f300000, 0x000000008f300000, 0x000000008f400000|  0%| F|  |TAMS 0x000000008f300000, 0x000000008f300000| Untracked 
|  92|0x000000008f400000, 0x000000008f400000, 0x000000008f500000|  0%| F|  |TAMS 0x000000008f400000, 0x000000008f400000| Untracked 
|  93|0x000000008f500000, 0x000000008f500000, 0x000000008f600000|  0%| F|  |TAMS 0x000000008f500000, 0x000000008f500000| Untracked 
|  94|0x000000008f600000, 0x000000008f600000, 0x000000008f700000|  0%| F|  |TAMS 0x000000008f600000, 0x000000008f600000| Untracked 
|  95|0x000000008f700000, 0x000000008f700000, 0x000000008f800000|  0%| F|  |TAMS 0x000000008f700000, 0x000000008f700000| Untracked 
|  96|0x000000008f800000, 0x000000008f800000, 0x000000008f900000|  0%| F|  |TAMS 0x000000008f800000, 0x000000008f800000| Untracked 
|  97|0x000000008f900000, 0x000000008f900000, 0x000000008fa00000|  0%| F|  |TAMS 0x000000008f900000, 0x000000008f900000| Untracked 
|  98|0x000000008fa00000, 0x000000008fa00000, 0x000000008fb00000|  0%| F|  |TAMS 0x000000008fa00000, 0x000000008fa00000| Untracked 
|  99|0x000000008fb00000, 0x000000008fb00000, 0x000000008fc00000|  0%| F|  |TAMS 0x000000008fb00000, 0x000000008fb00000| Untracked 
| 100|0x000000008fc00000, 0x000000008fc00000, 0x000000008fd00000|  0%| F|  |TAMS 0x000000008fc00000, 0x000000008fc00000| Untracked 
| 101|0x000000008fd00000, 0x000000008fe00000, 0x000000008fe00000|100%| S|CS|TAMS 0x000000008fd00000, 0x000000008fd00000| Complete 
| 102|0x000000008fe00000, 0x000000008ff00000, 0x000000008ff00000|100%| S|CS|TAMS 0x000000008fe00000, 0x000000008fe00000| Complete 
| 103|0x000000008ff00000, 0x0000000090000000, 0x0000000090000000|100%| S|CS|TAMS 0x000000008ff00000, 0x000000008ff00000| Complete 
| 104|0x0000000090000000, 0x0000000090000000, 0x0000000090100000|  0%| F|  |TAMS 0x0000000090000000, 0x0000000090000000| Untracked 
| 105|0x0000000090100000, 0x0000000090100000, 0x0000000090200000|  0%| F|  |TAMS 0x0000000090100000, 0x0000000090100000| Untracked 
| 106|0x0000000090200000, 0x0000000090200000, 0x0000000090300000|  0%| F|  |TAMS 0x0000000090200000, 0x0000000090200000| Untracked 
| 107|0x0000000090300000, 0x0000000090300000, 0x0000000090400000|  0%| F|  |TAMS 0x0000000090300000, 0x0000000090300000| Untracked 
| 108|0x0000000090400000, 0x0000000090400000, 0x0000000090500000|  0%| F|  |TAMS 0x0000000090400000, 0x0000000090400000| Untracked 
| 109|0x0000000090500000, 0x0000000090500000, 0x0000000090600000|  0%| F|  |TAMS 0x0000000090500000, 0x0000000090500000| Untracked 
| 110|0x0000000090600000, 0x0000000090600000, 0x0000000090700000|  0%| F|  |TAMS 0x0000000090600000, 0x0000000090600000| Untracked 
| 111|0x0000000090700000, 0x0000000090700000, 0x0000000090800000|  0%| F|  |TAMS 0x0000000090700000, 0x0000000090700000| Untracked 
| 112|0x0000000090800000, 0x0000000090800000, 0x0000000090900000|  0%| F|  |TAMS 0x0000000090800000, 0x0000000090800000| Untracked 
| 113|0x0000000090900000, 0x0000000090900000, 0x0000000090a00000|  0%| F|  |TAMS 0x0000000090900000, 0x0000000090900000| Untracked 
| 114|0x0000000090a00000, 0x0000000090a00000, 0x0000000090b00000|  0%| F|  |TAMS 0x0000000090a00000, 0x0000000090a00000| Untracked 
| 115|0x0000000090b00000, 0x0000000090b00000, 0x0000000090c00000|  0%| F|  |TAMS 0x0000000090b00000, 0x0000000090b00000| Untracked 
| 116|0x0000000090c00000, 0x0000000090c00000, 0x0000000090d00000|  0%| F|  |TAMS 0x0000000090c00000, 0x0000000090c00000| Untracked 
| 117|0x0000000090d00000, 0x0000000090d00000, 0x0000000090e00000|  0%| F|  |TAMS 0x0000000090d00000, 0x0000000090d00000| Untracked 
| 118|0x0000000090e00000, 0x0000000090e00000, 0x0000000090f00000|  0%| F|  |TAMS 0x0000000090e00000, 0x0000000090e00000| Untracked 
| 119|0x0000000090f00000, 0x0000000090f00000, 0x0000000091000000|  0%| F|  |TAMS 0x0000000090f00000, 0x0000000090f00000| Untracked 

Card table byte_map: [0x00000262a69e0000,0x00000262a6da0000] _byte_map_base: 0x00000262a6594000

Marking Bits (Prev, Next): (CMBitMap*) 0x000002628dae4a80, (CMBitMap*) 0x000002628dae4ac0
 Prev Bits: [0x00000262a7160000, 0x00000262a8f00000)
 Next Bits: [0x00000262a8f00000, 0x00000262aaca0000)

Polling page: 0x000002628db20000

Metaspace:

Usage:
  Non-class:    858.35 KB used.
      Class:     79.05 KB used.
       Both:    937.40 KB used.

Virtual space:
  Non-class space:       64.00 MB reserved,     896.00 KB (  1%) committed,  1 nodes.
      Class space:        1.00 GB reserved,     128.00 KB ( <1%) committed,  1 nodes.
             Both:        1.06 GB reserved,       1.00 MB ( <1%) committed. 

Chunk freelists:
   Non-Class:  11.70 MB
       Class:  15.70 MB
        Both:  27.40 MB

MaxMetaspaceSize: unlimited
CompressedClassSpaceSize: 1.00 GB
Initial GC threshold: 21.00 MB
Current GC threshold: 21.00 MB
CDS: on
MetaspaceReclaimPolicy: balanced
 - commit_granule_bytes: 65536.
 - commit_granule_words: 8192.
 - virtual_space_node_default_size: 8388608.
 - enlarge_chunks_in_place: 1.
 - new_chunks_are_fully_committed: 0.
 - uncommit_free_chunks: 1.
 - use_allocation_guard: 0.
 - handle_deallocations: 1.


Internal statistics:

num_allocs_failed_limit: 0.
num_arena_births: 10.
num_arena_deaths: 0.
num_vsnodes_births: 2.
num_vsnodes_deaths: 0.
num_space_committed: 16.
num_space_uncommitted: 0.
num_chunks_returned_to_freelist: 0.
num_chunks_taken_from_freelist: 34.
num_chunk_merges: 0.
num_chunk_splits: 19.
num_chunks_enlarged: 13.
num_inconsistent_stats: 0.

CodeHeap 'non-profiled nmethods': size=120000Kb used=247Kb max_used=247Kb free=119752Kb
 bounds [0x000002629e8b0000, 0x000002629eb20000, 0x00000262a5de0000]
CodeHeap 'profiled nmethods': size=120000Kb used=657Kb max_used=657Kb free=119342Kb
 bounds [0x0000026296de0000, 0x0000026297050000, 0x000002629e310000]
CodeHeap 'non-nmethods': size=5760Kb used=1101Kb max_used=1139Kb free=4658Kb
 bounds [0x000002629e310000, 0x000002629e580000, 0x000002629e8b0000]
 total_blobs=828 nmethods=453 adapters=288
 compilation: enabled
              stopped_count=0, restarted_count=0
 full_count=0

Compilation events (20 events):
Event: 0.548 Thread 0x00000262ad7a1490  446       4       net.minecraftforge.fart.relocated.net.minecraftforge.srgutils.NamedMappingFile$Cls::method (7 bytes)
Event: 0.549 Thread 0x00000262ad128d80 nmethod 445 0x000002629e8e6290 code [0x000002629e8e6420, 0x000002629e8e6638]
Event: 0.549 Thread 0x00000262ad128d80  447       4       net.minecraftforge.fart.relocated.net.minecraftforge.srgutils.NamedMappingFile$Cls::method (49 bytes)
Event: 0.591 Thread 0x00000262ad7a1490 nmethod 446 0x000002629e8e6710 code [0x000002629e8e6920, 0x000002629e8e7ee8]
Event: 0.591 Thread 0x00000262ad128d80 nmethod 447 0x000002629e8e8d90 code [0x000002629e8e8fa0, 0x000002629e8ea568]
Event: 0.591 Thread 0x00000262ad7a1490  448       4       net.minecraftforge.fart.relocated.net.minecraftforge.srgutils.NamedMappingFile$Cls$Method::<init> (42 bytes)
Event: 0.591 Thread 0x00000262ad128d80  415       4       java.util.HashMap::newNode (13 bytes)
Event: 0.592 Thread 0x00000262ad128d80 nmethod 415 0x000002629e8eb410 code [0x000002629e8eb5a0, 0x000002629e8eb6b8]
Event: 0.592 Thread 0x00000262ad128d80  449       4       java.lang.String::equals (56 bytes)
Event: 0.594 Thread 0x00000262ad128d80 nmethod 449 0x000002629e8eb790 code [0x000002629e8eb920, 0x000002629e8ebaf8]
Event: 0.596 Thread 0x00000262ad7a1490 nmethod 448 0x000002629e8ebb90 code [0x000002629e8ebd20, 0x000002629e8ec398]
Event: 0.597 Thread 0x00000262ad128d80  450       4       net.minecraftforge.fart.relocated.net.minecraftforge.srgutils.NamedMappingFile$Cls::field (6 bytes)
Event: 0.597 Thread 0x00000262ad7a1490  451       4       net.minecraftforge.fart.relocated.net.minecraftforge.srgutils.NamedMappingFile$Cls::field (31 bytes)
Event: 0.600 Thread 0x00000262ad12a6a0  452 %     3       net.minecraftforge.fart.relocated.net.minecraftforge.srgutils.InternalUtils::loadTSrg2 @ 100 (661 bytes)
Event: 0.605 Thread 0x00000262ad12a6a0 nmethod 452% 0x0000026296e71990 code [0x0000026296e724a0, 0x0000026296e789b8]
Event: 0.605 Thread 0x00000262ad7a1490 nmethod 451 0x000002629e8ec510 code [0x000002629e8ec6e0, 0x000002629e8ecc68]
Event: 0.606 Thread 0x00000262ad12a6a0  453       3       net.minecraftforge.fart.relocated.net.minecraftforge.srgutils.InternalUtils::loadTSrg2 (661 bytes)
Event: 0.609 Thread 0x00000262ad128d80 nmethod 450 0x000002629e8ed190 code [0x000002629e8ed360, 0x000002629e8ed8e8]
Event: 0.611 Thread 0x00000262ad12a6a0 nmethod 453 0x0000026296e7b110 code [0x0000026296e7bc20, 0x0000026296e81fb8]
Event: 0.660 Thread 0x00000262ad7a1490  454 %     4       net.minecraftforge.fart.relocated.net.minecraftforge.srgutils.InternalUtils::loadTSrg2 @ 100 (661 bytes)

GC Heap History (9 events):
Event: 0.309 GC heap before
{Heap before GC invocations=0 (full 0):
 garbage-first heap   total 122880K, used 22528K [0x0000000089800000, 0x0000000100000000)
  region size 1024K, 21 young (21504K), 0 survivors (0K)
 Metaspace       used 834K, committed 960K, reserved 1114112K
  class space    used 70K, committed 128K, reserved 1048576K
}
Event: 0.337 GC heap after
{Heap after GC invocations=1 (full 0):
 garbage-first heap   total 122880K, used 19936K [0x0000000089800000, 0x0000000100000000)
  region size 1024K, 3 young (3072K), 3 survivors (3072K)
 Metaspace       used 834K, committed 960K, reserved 1114112K
  class space    used 70K, committed 128K, reserved 1048576K
}
Event: 0.435 GC heap before
{Heap before GC invocations=1 (full 0):
 garbage-first heap   total 122880K, used 33248K [0x0000000089800000, 0x0000000100000000)
  region size 1024K, 15 young (15360K), 3 survivors (3072K)
 Metaspace       used 930K, committed 1024K, reserved 1114112K
  class space    used 79K, committed 128K, reserved 1048576K
}
Event: 0.453 GC heap after
{Heap after GC invocations=2 (full 0):
 garbage-first heap   total 122880K, used 29184K [0x0000000089800000, 0x0000000100000000)
  region size 1024K, 2 young (2048K), 2 survivors (2048K)
 Metaspace       used 930K, committed 1024K, reserved 1114112K
  class space    used 79K, committed 128K, reserved 1048576K
}
Event: 0.567 GC heap before
{Heap before GC invocations=2 (full 0):
 garbage-first heap   total 122880K, used 49664K [0x0000000089800000, 0x0000000100000000)
  region size 1024K, 22 young (22528K), 2 survivors (2048K)
 Metaspace       used 930K, committed 1024K, reserved 1114112K
  class space    used 79K, committed 128K, reserved 1048576K
}
Event: 0.585 GC heap after
{Heap after GC invocations=3 (full 0):
 garbage-first heap   total 122880K, used 41984K [0x0000000089800000, 0x0000000100000000)
  region size 1024K, 3 young (3072K), 3 survivors (3072K)
 Metaspace       used 930K, committed 1024K, reserved 1114112K
  class space    used 79K, committed 128K, reserved 1048576K
}
Event: 0.629 GC heap before
{Heap before GC invocations=3 (full 0):
 garbage-first heap   total 122880K, used 63488K [0x0000000089800000, 0x0000000100000000)
  region size 1024K, 24 young (24576K), 3 survivors (3072K)
 Metaspace       used 937K, committed 1024K, reserved 1114112K
  class space    used 79K, committed 128K, reserved 1048576K
}
Event: 0.655 GC heap after
{Heap after GC invocations=4 (full 0):
 garbage-first heap   total 122880K, used 56832K [0x0000000089800000, 0x0000000100000000)
  region size 1024K, 3 young (3072K), 3 survivors (3072K)
 Metaspace       used 937K, committed 1024K, reserved 1114112K
  class space    used 79K, committed 128K, reserved 1048576K
}
Event: 0.685 GC heap before
{Heap before GC invocations=4 (full 0):
 garbage-first heap   total 122880K, used 73216K [0x0000000089800000, 0x0000000100000000)
  region size 1024K, 19 young (19456K), 3 survivors (3072K)
 Metaspace       used 937K, committed 1024K, reserved 1114112K
  class space    used 79K, committed 128K, reserved 1048576K
}

Dll operation events (5 events):
Event: 0.019 Loaded shared library C:\Users\hp\.jdks\ms-17.0.16\bin\java.dll
Event: 0.042 Loaded shared library C:\Users\hp\.jdks\ms-17.0.16\bin\jsvml.dll
Event: 0.102 Loaded shared library C:\Users\hp\.jdks\ms-17.0.16\bin\net.dll
Event: 0.106 Loaded shared library C:\Users\hp\.jdks\ms-17.0.16\bin\nio.dll
Event: 0.111 Loaded shared library C:\Users\hp\.jdks\ms-17.0.16\bin\zip.dll

Deoptimization events (20 events):
Event: 0.349 Thread 0x000002628da8ca30 DEOPT PACKING pc=0x0000026296df5dc3 sp=0x000000ee83efedc0
Event: 0.349 Thread 0x000002628da8ca30 DEOPT UNPACKING pc=0x000002629e367143 sp=0x000000ee83efe1e0 mode 0
Event: 0.350 Thread 0x000002628da8ca30 DEOPT PACKING pc=0x0000026296df5dc3 sp=0x000000ee83efedc0
Event: 0.350 Thread 0x000002628da8ca30 DEOPT UNPACKING pc=0x000002629e367143 sp=0x000000ee83efe1e0 mode 0
Event: 0.350 Thread 0x000002628da8ca30 DEOPT PACKING pc=0x0000026296df5dc3 sp=0x000000ee83efedc0
Event: 0.350 Thread 0x000002628da8ca30 DEOPT UNPACKING pc=0x000002629e367143 sp=0x000000ee83efe1e0 mode 0
Event: 0.350 Thread 0x000002628da8ca30 DEOPT PACKING pc=0x0000026296df5dc3 sp=0x000000ee83efedc0
Event: 0.350 Thread 0x000002628da8ca30 DEOPT UNPACKING pc=0x000002629e367143 sp=0x000000ee83efe1e0 mode 0
Event: 0.350 Thread 0x000002628da8ca30 DEOPT PACKING pc=0x0000026296df5dc3 sp=0x000000ee83efedc0
Event: 0.350 Thread 0x000002628da8ca30 DEOPT UNPACKING pc=0x000002629e367143 sp=0x000000ee83efe1e0 mode 0
Event: 0.350 Thread 0x000002628da8ca30 DEOPT PACKING pc=0x0000026296df5dc3 sp=0x000000ee83efedc0
Event: 0.350 Thread 0x000002628da8ca30 DEOPT UNPACKING pc=0x000002629e367143 sp=0x000000ee83efe1e0 mode 0
Event: 0.350 Thread 0x000002628da8ca30 DEOPT PACKING pc=0x0000026296df5dc3 sp=0x000000ee83efedc0
Event: 0.350 Thread 0x000002628da8ca30 DEOPT UNPACKING pc=0x000002629e367143 sp=0x000000ee83efe1e0 mode 0
Event: 0.350 Thread 0x000002628da8ca30 DEOPT PACKING pc=0x0000026296df5dc3 sp=0x000000ee83efedc0
Event: 0.350 Thread 0x000002628da8ca30 DEOPT UNPACKING pc=0x000002629e367143 sp=0x000000ee83efe1e0 mode 0
Event: 0.488 Thread 0x000002628da8ca30 Uncommon trap: trap_request=0xffffffcc fr.pc=0x000002629e8d60b0 relative=0x0000000000001730
Event: 0.489 Thread 0x000002628da8ca30 Uncommon trap: reason=intrinsic_or_type_checked_inlining action=make_not_entrant pc=0x000002629e8d60b0 method=java.util.ArrayList$SubList.toArray([Ljava/lang/Object;)[Ljava/lang/Object; @ 58 c2
Event: 0.489 Thread 0x000002628da8ca30 DEOPT PACKING pc=0x000002629e8d60b0 sp=0x000000ee83eff100
Event: 0.489 Thread 0x000002628da8ca30 DEOPT UNPACKING pc=0x000002629e3669a3 sp=0x000000ee83eff038 mode 2

Classes loaded (20 events):
Event: 0.186 Loading class jdk/internal/reflect/MethodAccessorGenerator$1
Event: 0.186 Loading class jdk/internal/reflect/MethodAccessorGenerator$1 done
Event: 0.186 Loading class jdk/internal/reflect/ClassDefiner
Event: 0.186 Loading class jdk/internal/reflect/ClassDefiner done
Event: 0.186 Loading class jdk/internal/reflect/ClassDefiner$1
Event: 0.186 Loading class jdk/internal/reflect/ClassDefiner$1 done
Event: 0.187 Loading class jdk/internal/reflect/BootstrapConstructorAccessorImpl
Event: 0.187 Loading class jdk/internal/reflect/BootstrapConstructorAccessorImpl done
Event: 0.194 Loading class java/io/Reader
Event: 0.194 Loading class java/io/Reader done
Event: 0.194 Loading class java/io/InputStreamReader
Event: 0.194 Loading class java/io/InputStreamReader done
Event: 0.194 Loading class java/io/BufferedReader
Event: 0.195 Loading class java/io/BufferedReader done
Event: 0.195 Loading class sun/nio/cs/StreamDecoder
Event: 0.195 Loading class sun/nio/cs/StreamDecoder done
Event: 0.195 Loading class sun/nio/cs/UTF_8$Decoder
Event: 0.195 Loading class sun/nio/cs/UTF_8$Decoder done
Event: 0.195 Loading class java/io/BufferedReader$1
Event: 0.195 Loading class java/io/BufferedReader$1 done

Classes unloaded (0 events):
No events

Classes redefined (0 events):
No events

Internal exceptions (1 events):
Event: 0.174 Thread 0x000002628da8ca30 Exception <a 'java/lang/NoSuchMethodError'{0x0000000090daf760}: 'void java.lang.invoke.DirectMethodHandle$Holder.invokeStatic(java.lang.Object, java.lang.Object)'> (0x0000000090daf760) 
thrown [s\src\hotspot\share\interpreter\linkResolver.cpp, line 759]

VM Operations (13 events):
Event: 0.113 Executing VM operation: HandshakeAllThreads
Event: 0.113 Executing VM operation: HandshakeAllThreads done
Event: 0.309 Executing VM operation: G1CollectForAllocation
Event: 0.337 Executing VM operation: G1CollectForAllocation done
Event: 0.340 Executing VM operation: HandshakeAllThreads
Event: 0.340 Executing VM operation: HandshakeAllThreads done
Event: 0.435 Executing VM operation: G1CollectForAllocation
Event: 0.453 Executing VM operation: G1CollectForAllocation done
Event: 0.567 Executing VM operation: G1CollectForAllocation
Event: 0.585 Executing VM operation: G1CollectForAllocation done
Event: 0.629 Executing VM operation: G1CollectForAllocation
Event: 0.655 Executing VM operation: G1CollectForAllocation done
Event: 0.685 Executing VM operation: G1CollectForAllocation

Memory protections (0 events):
No events

Nmethod flushes (0 events):
No events

Events (13 events):
Event: 0.042 Thread 0x000002628da8ca30 Thread added: 0x000002628da8ca30
Event: 0.045 Thread 0x000002628da8ca30 Thread added: 0x00000262ad10e210
Event: 0.045 Thread 0x000002628da8ca30 Thread added: 0x00000262ad10eae0
Event: 0.072 Thread 0x000002628da8ca30 Thread added: 0x00000262ad1375f0
Event: 0.073 Thread 0x000002628da8ca30 Thread added: 0x00000262ad126fe0
Event: 0.073 Thread 0x000002628da8ca30 Thread added: 0x00000262ad1278b0
Event: 0.073 Thread 0x000002628da8ca30 Thread added: 0x00000262ad128180
Event: 0.073 Thread 0x000002628da8ca30 Thread added: 0x00000262ad128d80
Event: 0.073 Thread 0x000002628da8ca30 Thread added: 0x00000262ad12a6a0
Event: 0.073 Thread 0x000002628da8ca30 Thread added: 0x00000262ad1324c0
Event: 0.093 Thread 0x000002628da8ca30 Thread added: 0x00000262ad6bff70
Event: 0.095 Thread 0x000002628da8ca30 Thread added: 0x00000262ad6c48c0
Event: 0.489 Thread 0x00000262ad128d80 Thread added: 0x00000262ad7a1490


Dynamic libraries:
0x00007ff67fd60000 - 0x00007ff67fd6e000 	C:\Users\hp\.jdks\ms-17.0.16\bin\java.exe
0x00007ffb9d940000 - 0x00007ffb9dba7000 	C:\WINDOWS\SYSTEM32\ntdll.dll
0x00007ffb9d700000 - 0x00007ffb9d7c9000 	C:\WINDOWS\System32\KERNEL32.DLL
0x00007ffb9af50000 - 0x00007ffb9b340000 	C:\WINDOWS\System32\KERNELBASE.dll
0x00007ffb9b350000 - 0x00007ffb9b49b000 	C:\WINDOWS\System32\ucrtbase.dll
0x00007ffb8f8f0000 - 0x00007ffb8f908000 	C:\Users\hp\.jdks\ms-17.0.16\bin\jli.dll
0x00007ffb8f8d0000 - 0x00007ffb8f8ee000 	C:\Users\hp\.jdks\ms-17.0.16\bin\VCRUNTIME140.dll
0x00007ffb9d530000 - 0x00007ffb9d6f5000 	C:\WINDOWS\System32\USER32.dll
0x00007ffb9af20000 - 0x00007ffb9af47000 	C:\WINDOWS\System32\win32u.dll
0x00007ffb9d250000 - 0x00007ffb9d27b000 	C:\WINDOWS\System32\GDI32.dll
0x00007ffb9ad20000 - 0x00007ffb9ae58000 	C:\WINDOWS\System32\gdi32full.dll
0x00007ffb9b4a0000 - 0x00007ffb9b543000 	C:\WINDOWS\System32\msvcp_win.dll
0x00007ffb85050000 - 0x00007ffb852ea000 	C:\WINDOWS\WinSxS\amd64_microsoft.windows.common-controls_6595b64144ccf1df_6.0.26100.4768_none_3e0c112ce331287c\COMCTL32.dll
0x00007ffb9d480000 - 0x00007ffb9d529000 	C:\WINDOWS\System32\msvcrt.dll
0x00007ffb9d3c0000 - 0x00007ffb9d3ef000 	C:\WINDOWS\System32\IMM32.DLL
0x00007ffb8f8c0000 - 0x00007ffb8f8cc000 	C:\Users\hp\.jdks\ms-17.0.16\bin\vcruntime140_1.dll
0x00007ffb76fd0000 - 0x00007ffb77059000 	C:\Users\hp\.jdks\ms-17.0.16\bin\msvcp140.dll
0x00007ffae2d10000 - 0x00007ffae398a000 	C:\Users\hp\.jdks\ms-17.0.16\bin\server\jvm.dll
0x00007ffb9b6d0000 - 0x00007ffb9b784000 	C:\WINDOWS\System32\ADVAPI32.dll
0x00007ffb9bf30000 - 0x00007ffb9bfd6000 	C:\WINDOWS\System32\sechost.dll
0x00007ffb9cbd0000 - 0x00007ffb9cce8000 	C:\WINDOWS\System32\RPCRT4.dll
0x00007ffb9c9e0000 - 0x00007ffb9ca54000 	C:\WINDOWS\System32\WS2_32.dll
0x00007ffb9a8d0000 - 0x00007ffb9a92e000 	C:\WINDOWS\SYSTEM32\POWRPROF.dll
0x00007ffb93480000 - 0x00007ffb934b5000 	C:\WINDOWS\SYSTEM32\WINMM.dll
0x00007ffb934c0000 - 0x00007ffb934cb000 	C:\WINDOWS\SYSTEM32\VERSION.dll
0x00007ffb9a8b0000 - 0x00007ffb9a8c4000 	C:\WINDOWS\SYSTEM32\UMPDC.dll
0x00007ffb997f0000 - 0x00007ffb9980b000 	C:\WINDOWS\SYSTEM32\kernel.appcore.dll
0x00007ffb8f8b0000 - 0x00007ffb8f8ba000 	C:\Users\hp\.jdks\ms-17.0.16\bin\jimage.dll
0x00007ffb97e10000 - 0x00007ffb98051000 	C:\WINDOWS\SYSTEM32\DBGHELP.DLL
0x00007ffb9bb90000 - 0x00007ffb9bf15000 	C:\WINDOWS\System32\combase.dll
0x00007ffb9baa0000 - 0x00007ffb9bb80000 	C:\WINDOWS\System32\OLEAUT32.dll
0x00007ffb7e100000 - 0x00007ffb7e143000 	C:\WINDOWS\SYSTEM32\dbgcore.DLL
0x00007ffb9aa70000 - 0x00007ffb9ab09000 	C:\WINDOWS\System32\bcryptPrimitives.dll
0x00007ffb76fa0000 - 0x00007ffb76fc6000 	C:\Users\hp\.jdks\ms-17.0.16\bin\java.dll
0x00007ffb41a90000 - 0x00007ffb41b66000 	C:\Users\hp\.jdks\ms-17.0.16\bin\jsvml.dll
0x00007ffb9c220000 - 0x00007ffb9c96d000 	C:\WINDOWS\System32\SHELL32.dll
0x00007ffb9ab10000 - 0x00007ffb9ac83000 	C:\WINDOWS\System32\wintypes.dll
0x00007ffb98690000 - 0x00007ffb98ef0000 	C:\WINDOWS\SYSTEM32\windows.storage.dll
0x00007ffb9b990000 - 0x00007ffb9ba85000 	C:\WINDOWS\System32\SHCORE.dll
0x00007ffb9c970000 - 0x00007ffb9c9da000 	C:\WINDOWS\System32\shlwapi.dll
0x00007ffb9a990000 - 0x00007ffb9a9b9000 	C:\WINDOWS\SYSTEM32\profapi.dll
0x00007ffb79180000 - 0x00007ffb7919b000 	C:\Users\hp\.jdks\ms-17.0.16\bin\net.dll
0x00007ffb903f0000 - 0x00007ffb9050e000 	C:\WINDOWS\SYSTEM32\WINHTTP.dll
0x00007ffb99d80000 - 0x00007ffb99deb000 	C:\WINDOWS\system32\mswsock.dll
0x00007ffb78cc0000 - 0x00007ffb78cd6000 	C:\Users\hp\.jdks\ms-17.0.16\bin\nio.dll
0x00007ffb7aef0000 - 0x00007ffb7af08000 	C:\Users\hp\.jdks\ms-17.0.16\bin\zip.dll

dbghelp: loaded successfully - version: 4.0.5 - missing functions: none
symbol engine: initialized successfully - sym options: 0x614 - pdb path: .;C:\Users\hp\.jdks\ms-17.0.16\bin;C:\WINDOWS\SYSTEM32;C:\WINDOWS\WinSxS\amd64_microsoft.windows.common-controls_6595b64144ccf1df_6.0.26100.4768_none_3e0c112ce331287c;C:\Users\hp\.jdks\ms-17.0.16\bin\server

VM Arguments:
jvm_args: -Dfile.encoding=UTF-8 -Duser.country=CN -Duser.language=zh -Duser.variant 
java_command: net.minecraftforge.fart.Main --input D:\Src\BlinkFix-Modern\build\libs\Naven-Modern-BlinkFix.jar --output D:\Src\BlinkFix-Modern\build\reobfJar\output.jar --names D:\Src\BlinkFix-Modern\build\reobfJar\mappings.tsrg --lib D:\.gradle\caches\forge_gradle\minecraft_user_repo\net\minecraftforge\forge\1.20.1-47.4.6_mapped_official_1.20.1\forge-1.20.1-47.4.6_mapped_official_1.20.1-recomp.jar --lib D:\.gradle\caches\forge_gradle\minecraft_repo\versions\1.20.1\client-extra.jar --lib D:\.gradle\caches\modules-2\files-2.1\net.minecraftforge\fmlloader\1.20.1-47.4.6\e44767e0680a849a10a3d781fff06cdd73502764\fmlloader-1.20.1-47.4.6.jar --lib D:\.gradle\caches\modules-2\files-2.1\net.minecraftforge\JarJarSelector\0.3.19\376cc9c8ea60720cf027c01fc033de915699801c\JarJarSelector-0.3.19.jar --lib D:\.gradle\caches\modules-2\files-2.1\net.minecraftforge\JarJarMetadata\0.3.19\83feaa9b770e6ac0e96ee4fc23fa89325c5fe2\JarJarMetadata-0.3.19.jar --lib D:\.gradle\caches\modules-2\files-2.1\com.google.guava\guava\31.1-jre\60458f877d055d0c9114d9e1a2efb737b4bc282c\guava-31.1-jre.jar --lib D:\.gradle\caches\modules-2\files-2.1\com.google.code.findbugs\jsr305\3.0.2\25ea2e8b0c338a877313bd4672d3fe056ea78f0d\jsr305-3.0.2.jar --lib D:\.gradle\caches\modules-2\files-2.1\ca.weblite\java-objc-bridge\1.1\1227f9e0666314f9de41477e3ec277e542ed7f7b\java-objc-bridge-1.1.jar --lib D:\.gradle\caches\modules-2\files-2.1\net.minecraftforge\forgespi\7.0.1\3b4972a0cdb135853dba219be61a79b22cff1309\forgespi-7.0.1.jar --lib D:\.gradle\caches\modules-2\files-2.1\net.minecraftforge\mergetool\1.1.5\f3da18e12c696d35a47c82cbb2cc8b5aa15e1154\mergetool-1.1.5-api.jar --lib D:\.gradle\caches\modules-2\files-2.1\org.jetbrains\annotations\24.0.1\13c5c75c4206580aa4d683bffee658caae6c9f43\annotations-24.0.1.jar --lib D:\.gradle\caches\modules-2\files-2.1\cpw.mods\securejarhandler\2.1.10\51e6a22c6c716beb11e244bf5b8be480f51dd6b5\securejarhandler-2.1.10.jar --lib D:\.gradle\caches\modules-2\files-2.1\net.minecraftforge\cor
java_class_path (initial): D:\.gradle\caches\forge_gradle\maven_downloader\net\minecraftforge\ForgeAutoRenamingTool\1.0.6\ForgeAutoRenamingTool-1.0.6-all.jar
Launcher Type: SUN_STANDARD

[Global flags]
     intx CICompilerCount                          = 3                                         {product} {ergonomic}
     uint ConcGCThreads                            = 2                                         {product} {ergonomic}
     uint G1ConcRefinementThreads                  = 6                                         {product} {ergonomic}
   size_t G1HeapRegionSize                         = 1048576                                   {product} {ergonomic}
    uintx GCDrainStackTargetSize                   = 64                                        {product} {ergonomic}
   size_t InitialHeapSize                          = 125829120                                 {product} {ergonomic}
   size_t MarkStackSize                            = 4194304                                   {product} {ergonomic}
   size_t MaxHeapSize                              = 1988100096                                {product} {ergonomic}
   size_t MaxNewSize                               = 1192230912                                {product} {ergonomic}
   size_t MinHeapDeltaBytes                        = 1048576                                   {product} {ergonomic}
   size_t MinHeapSize                              = 8388608                                   {product} {ergonomic}
    uintx NonNMethodCodeHeapSize                   = 5832780                                {pd product} {ergonomic}
    uintx NonProfiledCodeHeapSize                  = 122912730                              {pd product} {ergonomic}
    uintx ProfiledCodeHeapSize                     = 122912730                              {pd product} {ergonomic}
    uintx ReservedCodeCacheSize                    = 251658240                              {pd product} {ergonomic}
     bool SegmentedCodeCache                       = true                                      {product} {ergonomic}
   size_t SoftMaxHeapSize                          = 1988100096                             {manageable} {ergonomic}
     bool UseCompressedClassPointers               = true                           {product lp64_product} {ergonomic}
     bool UseCompressedOops                        = true                           {product lp64_product} {ergonomic}
     bool UseG1GC                                  = true                                      {product} {ergonomic}
     bool UseLargePagesIndividualAllocation        = false                                  {pd product} {ergonomic}

Logging:
Log output configuration:
 #0: stdout all=warning uptime,level,tags
 #1: stderr all=off uptime,level,tags

Environment Variables:
JAVA_HOME=C:\Program Files\Microsoft\jdk-21.0.7.6-hotspot
PATH=C:\Program Files\Zulu\zulu-21\bin\;C:\Users\hp\AppData\Roaming\.hmcl\java\windows-x86_64\temurin-11.0.28-jdk\bin;C:\Program Files\Microsoft\jdk-21.0.7.6-hotspot\bin;C:\WINDOWS\system32;C:\WINDOWS;C:\WINDOWS\System32\Wbem;C:\WINDOWS\System32\WindowsPowerShell\v1.0\;C:\WINDOWS\System32\OpenSSH\;C:\Program Files\Bandizip\;C:\Program Files\dotnet\;C:\Program Files\CMake\bin;C:\Program Files\Microsoft SQL Server\150\Tools\Binn\;C:\Program Files (x86)\Windows Kits\10\Windows Performance Toolkit\;C:\Program Files\Git\cmd;C:\Program Files\nodejs\;C:\Program Files\AskLink;C:\Users\hp\AppData\Local\Microsoft\WindowsApps;C:\Users\hp\.dotnet\tools;C:\Program Files\JetBrains\IntelliJ IDEA Community Edition 2025.1.4.1\bin;;C:\Program Files\Microsoft\jdk-21.0.7.6-hotspot\bin;C:\Users\hp\AppData\Local\GitHubDesktop\bin;C:\Users\hp\AppData\Roaming\npm
USERNAME=hp
OS=Windows_NT
PROCESSOR_IDENTIFIER=AMD64 Family 23 Model 96 Stepping 1, AuthenticAMD
TMP=C:\Users\hp\AppData\Local\Temp
TEMP=C:\Users\hp\AppData\Local\Temp



Periodic native trim disabled


---------------  S Y S T E M  ---------------

OS:
 Windows 11 , 64 bit Build 26100 (10.0.26100.4768)
OS uptime: 2 days 2:39 hours

CPU: total 6 (initial active 6) (6 cores per cpu, 1 threads per core) family 23 model 96 stepping 1 microcode 0x8600106, cx8, cmov, fxsr, mmx, 3dnowpref, sse, sse2, sse3, ssse3, sse4a, sse4.1, sse4.2, popcnt, lzcnt, tsc, tscinvbit, avx, avx2, aes, clmul, bmi1, bmi2, adx, sha, fma, vzeroupper, clflush, clflushopt
Processor Information for the first 6 processors :
  Max Mhz: 2375, Current Mhz: 2375, Mhz Limit: 2375

Memory: 4k page, system-wide physical 7581M (491M free)
TotalPageFile size 23105M (AvailPageFile size 162M)
current process WorkingSet (physical memory assigned to process): 132M, peak: 132M
current process commit charge ("private bytes"): 205M, peak: 375M

vm_info: OpenJDK 64-Bit Server VM (17.0.16+8-LTS) for windows-amd64 JRE (17.0.16+8-LTS), built on Jul 10 2025 00:24:24 by "MicrosoftCorporation" with unknown MS VC++:1944

END.
